build/outputs/apk/manifest-merger-debug-report.txt
-- Merging decision tree log ---
manifest
ADDED from AndroidManifest.xml:1:1
	package
		ADDED from AndroidManifest.xml:2:5
	android:versionName
		ADDED from AndroidManifest.xml:4:5
	android:versionCode
		ADDED from AndroidManifest.xml:3:5
		INJECTED from AndroidManifest.xml:0:0
		INJECTED from AndroidManifest.xml:0:0
	xmlns:android
		ADDED from AndroidManifest.xml:1:11
uses-sdk
ADDED from AndroidManifest.xml:6:5
MERGED from StudioWorkspace:google-play-services_lib:unspecified:7:5
MERGED from StudioWorkspace:library:unspecified:7:5
MERGED from StudioWorkspace:qRCodeReaderViewlib:unspecified:7:5
	android:targetSdkVersion
		ADDED from AndroidManifest.xml:8:9
	android:minSdkVersion
		ADDED from AndroidManifest.xml:7:9
uses-permission#android.permission.INTERNET
ADDED from AndroidManifest.xml:10:5
	android:name
		ADDED from AndroidManifest.xml:10:22
uses-permission#android.permission.GET_ACCOUNTS
ADDED from AndroidManifest.xml:11:5
	android:name
		ADDED from AndroidManifest.xml:11:22
uses-permission#android.permission.WAKE_LOCK
ADDED from AndroidManifest.xml:12:5
	android:name
		ADDED from AndroidManifest.xml:12:22
uses-permission#com.google.android.c2dm.permission.RECEIVE
ADDED from AndroidManifest.xml:13:5
	android:name
		ADDED from AndroidManifest.xml:13:22
permission#com.oxilo.applistyou.permission.C2D_MESSAGE
ADDED from AndroidManifest.xml:15:5
	android:protectionLevel
		ADDED from AndroidManifest.xml:17:9
	android:name
		ADDED from AndroidManifest.xml:16:9
uses-permission#com.oxilo.applistyou.permission.C2D_MESSAGE
ADDED from AndroidManifest.xml:19:5
	android:name
		ADDED from AndroidManifest.xml:19:22
uses-permission#android.permission.ACCESS_NETWORK_STATE
ADDED from AndroidManifest.xml:21:5
	android:name
		ADDED from AndroidManifest.xml:21:22
uses-permission#android.permission.READ_EXTERNAL_STORAGE
ADDED from AndroidManifest.xml:22:5
	android:name
		ADDED from AndroidManifest.xml:22:22
uses-permission#android.permission.WRITE_INTERNAL_STORAGE
ADDED from AndroidManifest.xml:23:5
	android:name
		ADDED from AndroidManifest.xml:23:22
uses-permission#android.permission.WRITE_EXTERNAL_STORAGE
ADDED from AndroidManifest.xml:24:5
	android:name
		ADDED from AndroidManifest.xml:24:22
uses-permission#android.permission.SEND_SMS
ADDED from AndroidManifest.xml:25:5
	android:name
		ADDED from AndroidManifest.xml:25:22
application
ADDED from AndroidManifest.xml:28:5
	android:label
		ADDED from AndroidManifest.xml:31:9
	android:allowBackup
		ADDED from AndroidManifest.xml:29:9
	android:icon
		ADDED from AndroidManifest.xml:30:9
	android:theme
		ADDED from AndroidManifest.xml:32:9
activity#com.oxilo.applistyou.StartUpActivity
ADDED from AndroidManifest.xml:33:9
	android:label
		ADDED from AndroidManifest.xml:35:13
	android:name
		ADDED from AndroidManifest.xml:34:13
intent-filter#android.intent.action.MAIN+android.intent.category.LAUNCHER
ADDED from AndroidManifest.xml:36:13
action#android.intent.action.MAIN
ADDED from AndroidManifest.xml:37:17
	android:name
		ADDED from AndroidManifest.xml:37:25
category#android.intent.category.LAUNCHER
ADDED from AndroidManifest.xml:39:17
	android:name
		ADDED from AndroidManifest.xml:39:27
activity#com.oxilo.applistyou.SplashActivity
ADDED from AndroidManifest.xml:42:9
	android:screenOrientation
		ADDED from AndroidManifest.xml:45:13
	android:label
		ADDED from AndroidManifest.xml:44:13
	android:theme
		ADDED from AndroidManifest.xml:46:13
	android:name
		ADDED from AndroidManifest.xml:43:13
activity#com.oxilo.listyou.register.RegisterActivity
ADDED from AndroidManifest.xml:47:9
	android:screenOrientation
		ADDED from AndroidManifest.xml:49:13
	android:windowSoftInputMode
		ADDED from AndroidManifest.xml:51:13
	android:theme
		ADDED from AndroidManifest.xml:50:13
	android:name
		ADDED from AndroidManifest.xml:48:13
activity#com.oxilo.listyou.register.EditProfileActivity
ADDED from AndroidManifest.xml:52:9
	android:screenOrientation
		ADDED from AndroidManifest.xml:54:13
	android:windowSoftInputMode
		ADDED from AndroidManifest.xml:56:13
	android:theme
		ADDED from AndroidManifest.xml:55:13
	android:name
		ADDED from AndroidManifest.xml:53:13
activity#com.oxilo.listyou.login.Login
ADDED from AndroidManifest.xml:57:9
	android:screenOrientation
		ADDED from AndroidManifest.xml:59:13
	android:windowSoftInputMode
		ADDED from AndroidManifest.xml:61:13
	android:theme
		ADDED from AndroidManifest.xml:60:13
	android:name
		ADDED from AndroidManifest.xml:58:13
activity#com.oxilo.listyou.login.LoginProfileActivity
ADDED from AndroidManifest.xml:62:9
	android:screenOrientation
		ADDED from AndroidManifest.xml:64:13
	android:windowSoftInputMode
		ADDED from AndroidManifest.xml:66:13
	android:theme
		ADDED from AndroidManifest.xml:65:13
	android:name
		ADDED from AndroidManifest.xml:63:13
activity#com.oxilo.listyou.register.TermServices
ADDED from AndroidManifest.xml:67:9
	android:screenOrientation
		ADDED from AndroidManifest.xml:69:13
	android:windowSoftInputMode
		ADDED from AndroidManifest.xml:71:13
	android:theme
		ADDED from AndroidManifest.xml:70:13
	android:name
		ADDED from AndroidManifest.xml:68:13
activity#com.oxilo.showprofile.ShowProfileActivity
ADDED from AndroidManifest.xml:72:9
	android:screenOrientation
		ADDED from AndroidManifest.xml:74:13
	android:windowSoftInputMode
		ADDED from AndroidManifest.xml:76:13
	android:theme
		ADDED from AndroidManifest.xml:75:13
	android:name
		ADDED from AndroidManifest.xml:73:13
activity#com.oxilo.showprofile.BussinessCardScreen
ADDED from AndroidManifest.xml:77:9
	android:screenOrientation
		ADDED from AndroidManifest.xml:79:13
	android:windowSoftInputMode
		ADDED from AndroidManifest.xml:81:13
	android:theme
		ADDED from AndroidManifest.xml:80:13
	android:name
		ADDED from AndroidManifest.xml:78:13
activity#com.landing.screen.MainLandingActivity
ADDED from AndroidManifest.xml:83:9
	android:screenOrientation
		ADDED from AndroidManifest.xml:85:13
	android:launchMode
		ADDED from AndroidManifest.xml:87:13
	android:windowSoftInputMode
		ADDED from AndroidManifest.xml:88:13
	android:theme
		ADDED from AndroidManifest.xml:86:13
	android:name
		ADDED from AndroidManifest.xml:84:13
activity#com.oxilo.qrreader.DecoderActivity
ADDED from AndroidManifest.xml:90:9
	android:screenOrientation
		ADDED from AndroidManifest.xml:92:13
	android:windowSoftInputMode
		ADDED from AndroidManifest.xml:94:13
	android:theme
		ADDED from AndroidManifest.xml:93:13
	android:name
		ADDED from AndroidManifest.xml:91:13
activity#com.landing.screen.BussinessCardScreenForAddFriend
ADDED from AndroidManifest.xml:96:9
	android:screenOrientation
		ADDED from AndroidManifest.xml:98:13
	android:windowSoftInputMode
		ADDED from AndroidManifest.xml:100:13
	android:theme
		ADDED from AndroidManifest.xml:99:13
	android:name
		ADDED from AndroidManifest.xml:97:13
receiver#com.oxilo.applistyou.GcmBroadcastReceiver
ADDED from AndroidManifest.xml:102:9
	android:permission
		ADDED from AndroidManifest.xml:104:13
	android:name
		ADDED from AndroidManifest.xml:103:13
intent-filter#com.google.android.c2dm.intent.RECEIVE+com.oxilo.applistyou
ADDED from AndroidManifest.xml:105:13
action#com.google.android.c2dm.intent.RECEIVE
ADDED from AndroidManifest.xml:106:17
	android:name
		ADDED from AndroidManifest.xml:106:25
category#com.oxilo.applistyou
ADDED from AndroidManifest.xml:108:17
	android:name
		ADDED from AndroidManifest.xml:108:27
service#com.oxilo.applistyou.GcmIntentService
ADDED from AndroidManifest.xml:112:9
	android:name
		ADDED from AndroidManifest.xml:112:18
meta-data#com.google.android.gms.version
ADDED from AndroidManifest.xml:115:9
	android:value
		ADDED from AndroidManifest.xml:117:13
	android:name
		ADDED from AndroidManifest.xml:116:13
uses-permission#android.permission.CAMERA
ADDED from StudioWorkspace:qRCodeReaderViewlib:unspecified:11:5
	android:name
		ADDED from StudioWorkspace:qRCodeReaderViewlib:unspecified:11:22